D:\Craig Cooke\Development-2\Control Centre\MarketingPunchAdmin.Web\app\shared\filterelements\select.dropdown.filter.js
D:\Craig Cooke\Development-2\Control Centre\MarketingPunchAdmin.Web\app\shared\filterelements\select.dropdown.filter.js.map
D:\Craig Cooke\Development-2\Control Centre\MarketingPunchAdmin.Web\app\shared\filterelements\select.dropdown.filter.simple.js
D:\Craig Cooke\Development-2\Control Centre\MarketingPunchAdmin.Web\app\shared\filterelements\select.dropdown.filter.simple.js.map
D:\Craig Cooke\Development-2\Control Centre\MarketingPunchAdmin.Web\app\shared\formelement\textarea.normal.js
D:\Craig Cooke\Development-2\Control Centre\MarketingPunchAdmin.Web\app\shared\formelement\textarea.normal.js.map
D:\Craig Cooke\Development-2\Control Centre\MarketingPunchAdmin.Web\app\shared\formelement\input.normal.js
D:\Craig Cooke\Development-2\Control Centre\MarketingPunchAdmin.Web\app\shared\formelement\input.normal.js.map
D:\Craig Cooke\Development-2\Control Centre\MarketingPunchAdmin.Web\app\shared\formelement\input.normal.unrequired.js
D:\Craig Cooke\Development-2\Control Centre\MarketingPunchAdmin.Web\app\shared\formelement\input.normal.unrequired.js.map
D:\Craig Cooke\Development-2\Control Centre\MarketingPunchAdmin.Web\app\shared\formelement\select.formelement.js
D:\Craig Cooke\Development-2\Control Centre\MarketingPunchAdmin.Web\app\shared\formelement\select.formelement.js.map
D:\Craig Cooke\Development-2\Control Centre\MarketingPunchAdmin.Web\app\shared\formelement\radio.checkbox.inline.js
D:\Craig Cooke\Development-2\Control Centre\MarketingPunchAdmin.Web\app\shared\formelement\radio.checkbox.inline.js.map
D:\Craig Cooke\Development-2\Control Centre\MarketingPunchAdmin.Web\app\components\leadgeneration\exittraffic\campaign\campaign.edit.js
D:\Craig Cooke\Development-2\Control Centre\MarketingPunchAdmin.Web\app\components\leadgeneration\exittraffic\campaign\campaign.edit.js.map
D:\Craig Cooke\Development-2\Control Centre\MarketingPunchAdmin.Web\app\shared\formelement\select.type.id.js
D:\Craig Cooke\Development-2\Control Centre\MarketingPunchAdmin.Web\app\shared\formelement\select.type.id.js.map
D:\Craig Cooke\Development-2\Control Centre\MarketingPunchAdmin.Web\app\shared\notification\import.offers.notification.js
D:\Craig Cooke\Development-2\Control Centre\MarketingPunchAdmin.Web\app\shared\notification\import.offers.notification.js.map
D:\Craig Cooke\Development-2\Control Centre\MarketingPunchAdmin.Web\app\model\campaign.model.js
D:\Craig Cooke\Development-2\Control Centre\MarketingPunchAdmin.Web\app\model\campaign.model.js.map
D:\Craig Cooke\Development-2\Control Centre\MarketingPunchAdmin.Web\app\components\leadgeneration\exittraffic\campaign\import.offer.js
D:\Craig Cooke\Development-2\Control Centre\MarketingPunchAdmin.Web\app\components\leadgeneration\exittraffic\campaign\import.offer.js.map
D:\Craig Cooke\Development-2\Control Centre\MarketingPunchAdmin.Web\app\components\leadgeneration\exittraffic\campaign\campaign.image.upload.js
D:\Craig Cooke\Development-2\Control Centre\MarketingPunchAdmin.Web\app\components\leadgeneration\exittraffic\campaign\campaign.image.upload.js.map
D:\Craig Cooke\Development-2\Control Centre\MarketingPunchAdmin.Web\app\shared\notification\campaign.edit.notification.js
D:\Craig Cooke\Development-2\Control Centre\MarketingPunchAdmin.Web\app\shared\notification\campaign.edit.notification.js.map
D:\Craig Cooke\Development-2\Control Centre\MarketingPunchAdmin.Web\app\shared\notification\campaign.create.notification.js
D:\Craig Cooke\Development-2\Control Centre\MarketingPunchAdmin.Web\app\shared\notification\campaign.create.notification.js.map
D:\Craig Cooke\Development-2\Control Centre\MarketingPunchAdmin.Web\app\shared\notification\campaign.add.creative.notification.js
D:\Craig Cooke\Development-2\Control Centre\MarketingPunchAdmin.Web\app\shared\notification\campaign.add.creative.notification.js.map
D:\Craig Cooke\Development-2\Control Centre\MarketingPunchAdmin.Web\app\components\leadgeneration\exittraffic\campaigns.list.component.js
D:\Craig Cooke\Development-2\Control Centre\MarketingPunchAdmin.Web\app\components\leadgeneration\exittraffic\campaigns.list.component.js.map
D:\Craig Cooke\Development-2\Control Centre\MarketingPunchAdmin.Web\app\components\leadgeneration\questionblocks\questionblock\campaign.name.tab.js
D:\Craig Cooke\Development-2\Control Centre\MarketingPunchAdmin.Web\app\components\leadgeneration\questionblocks\questionblock\campaign.name.tab.js.map
D:\Craig Cooke\Development-2\Control Centre\MarketingPunchAdmin.Web\app\shared\formelement\radio.checkbox.js
D:\Craig Cooke\Development-2\Control Centre\MarketingPunchAdmin.Web\app\shared\formelement\radio.checkbox.js.map
D:\Craig Cooke\Development-2\Control Centre\MarketingPunchAdmin.Web\app\components\leadgeneration\questionblocks\questionblock\campaign.versions.tab.js
D:\Craig Cooke\Development-2\Control Centre\MarketingPunchAdmin.Web\app\components\leadgeneration\questionblocks\questionblock\campaign.versions.tab.js.map
D:\Craig Cooke\Development-2\Control Centre\MarketingPunchAdmin.Web\app\components\leadgeneration\questionblocks\questionblock\version.creatives.js
D:\Craig Cooke\Development-2\Control Centre\MarketingPunchAdmin.Web\app\components\leadgeneration\questionblocks\questionblock\version.creatives.js.map
D:\Craig Cooke\Development-2\Control Centre\MarketingPunchAdmin.Web\app\components\leadgeneration\questionblocks\question.block.campaign.component.js
D:\Craig Cooke\Development-2\Control Centre\MarketingPunchAdmin.Web\app\components\leadgeneration\questionblocks\question.block.campaign.component.js.map
D:\Craig Cooke\Development-2\Control Centre\MarketingPunchAdmin.Web\app\shared\filterelements\simple.input.field.js
D:\Craig Cooke\Development-2\Control Centre\MarketingPunchAdmin.Web\app\shared\filterelements\simple.input.field.js.map
D:\Craig Cooke\Development-2\Control Centre\MarketingPunchAdmin.Web\app\components\affiliate\reports\registration.cost.report.component.js
D:\Craig Cooke\Development-2\Control Centre\MarketingPunchAdmin.Web\app\components\affiliate\reports\registration.cost.report.component.js.map
D:\Craig Cooke\Development-2\Control Centre\MarketingPunchAdmin.Web\app\shared\notification\affiliate.edit.notification.js
D:\Craig Cooke\Development-2\Control Centre\MarketingPunchAdmin.Web\app\shared\notification\affiliate.edit.notification.js.map
D:\Craig Cooke\Development-2\Control Centre\MarketingPunchAdmin.Web\app\shared\notification\affiliate.create.notification.js
D:\Craig Cooke\Development-2\Control Centre\MarketingPunchAdmin.Web\app\shared\notification\affiliate.create.notification.js.map
D:\Craig Cooke\Development-2\Control Centre\MarketingPunchAdmin.Web\app\components\affiliate\reports\report\affiliates.edit.js
D:\Craig Cooke\Development-2\Control Centre\MarketingPunchAdmin.Web\app\components\affiliate\reports\report\affiliates.edit.js.map
D:\Craig Cooke\Development-2\Control Centre\MarketingPunchAdmin.Web\app\components\affiliate\reports\affiliates.list.component.js
D:\Craig Cooke\Development-2\Control Centre\MarketingPunchAdmin.Web\app\components\affiliate\reports\affiliates.list.component.js.map
D:\Craig Cooke\Development-2\Control Centre\MarketingPunchAdmin.Web\app\shared\notification\users.edit.notification.js
D:\Craig Cooke\Development-2\Control Centre\MarketingPunchAdmin.Web\app\shared\notification\users.edit.notification.js.map
D:\Craig Cooke\Development-2\Control Centre\MarketingPunchAdmin.Web\app\shared\notification\user.create.notification.js
D:\Craig Cooke\Development-2\Control Centre\MarketingPunchAdmin.Web\app\shared\notification\user.create.notification.js.map
D:\Craig Cooke\Development-2\Control Centre\MarketingPunchAdmin.Web\app\components\users\user\user.edit.js
D:\Craig Cooke\Development-2\Control Centre\MarketingPunchAdmin.Web\app\components\users\user\user.edit.js.map
D:\Craig Cooke\Development-2\Control Centre\MarketingPunchAdmin.Web\app\components\users\user\user.create.js
D:\Craig Cooke\Development-2\Control Centre\MarketingPunchAdmin.Web\app\components\users\user\user.create.js.map
D:\Craig Cooke\Development-2\Control Centre\MarketingPunchAdmin.Web\app\components\users\users.component.js
D:\Craig Cooke\Development-2\Control Centre\MarketingPunchAdmin.Web\app\components\users\users.component.js.map
D:\Craig Cooke\Development-2\Control Centre\MarketingPunchAdmin.Web\app\shared\notification\campaign.revenue.notification.js
D:\Craig Cooke\Development-2\Control Centre\MarketingPunchAdmin.Web\app\shared\notification\campaign.revenue.notification.js.map
D:\Craig Cooke\Development-2\Control Centre\MarketingPunchAdmin.Web\app\model\campaign.revenue.model.js
D:\Craig Cooke\Development-2\Control Centre\MarketingPunchAdmin.Web\app\model\campaign.revenue.model.js.map
D:\Craig Cooke\Development-2\Control Centre\MarketingPunchAdmin.Web\app\shared\formelement\input.numeric.js
D:\Craig Cooke\Development-2\Control Centre\MarketingPunchAdmin.Web\app\shared\formelement\input.numeric.js.map
D:\Craig Cooke\Development-2\Control Centre\MarketingPunchAdmin.Web\app\components\leadgeneration\exittraffic\campaign\campaign.revenue.edit.js
D:\Craig Cooke\Development-2\Control Centre\MarketingPunchAdmin.Web\app\components\leadgeneration\exittraffic\campaign\campaign.revenue.edit.js.map
D:\Craig Cooke\Development-2\Control Centre\MarketingPunchAdmin.Web\app\components\leadgeneration\exittraffic\campaign\campaign.revenue.js
D:\Craig Cooke\Development-2\Control Centre\MarketingPunchAdmin.Web\app\components\leadgeneration\exittraffic\campaign\campaign.revenue.js.map
D:\Craig Cooke\Development-2\Control Centre\MarketingPunchAdmin.Web\app\components\leadgeneration\exittraffic\campaign\category.edit.js
D:\Craig Cooke\Development-2\Control Centre\MarketingPunchAdmin.Web\app\components\leadgeneration\exittraffic\campaign\category.edit.js.map
D:\Craig Cooke\Development-2\Control Centre\MarketingPunchAdmin.Web\app\shared\notification\category.notification.js
D:\Craig Cooke\Development-2\Control Centre\MarketingPunchAdmin.Web\app\shared\notification\category.notification.js.map
D:\Craig Cooke\Development-2\Control Centre\MarketingPunchAdmin.Web\app\components\leadgeneration\exittraffic\campaign\campaign.categories.js
D:\Craig Cooke\Development-2\Control Centre\MarketingPunchAdmin.Web\app\components\leadgeneration\exittraffic\campaign\campaign.categories.js.map
D:\Craig Cooke\Development-2\Control Centre\MarketingPunchAdmin.Web\app\model\affiliate.model.js
D:\Craig Cooke\Development-2\Control Centre\MarketingPunchAdmin.Web\app\model\affiliate.model.js.map
D:\Craig Cooke\Development-2\Control Centre\MarketingPunchAdmin.Web\app\components\affiliate\reports\report\roi.create.js
D:\Craig Cooke\Development-2\Control Centre\MarketingPunchAdmin.Web\app\components\affiliate\reports\report\roi.create.js.map
D:\Craig Cooke\Development-2\Control Centre\MarketingPunchAdmin.Web\app\components\affiliate\reports\report\roi.edit.js
D:\Craig Cooke\Development-2\Control Centre\MarketingPunchAdmin.Web\app\components\affiliate\reports\report\roi.edit.js.map
D:\Craig Cooke\Development-2\Control Centre\MarketingPunchAdmin.Web\app\components\affiliate\reports\roi.manager.component.js
D:\Craig Cooke\Development-2\Control Centre\MarketingPunchAdmin.Web\app\components\affiliate\reports\roi.manager.component.js.map
D:\Craig Cooke\Development-2\Control Centre\MarketingPunchAdmin.Web\app\App.js
D:\Craig Cooke\Development-2\Control Centre\MarketingPunchAdmin.Web\app\App.js.map
D:\Craig Cooke\Development-2\Control Centre\MarketingPunchAdmin.Web\app\shared\handle.error.js
D:\Craig Cooke\Development-2\Control Centre\MarketingPunchAdmin.Web\app\shared\handle.error.js.map
D:\Craig Cooke\Development-2\Control Centre\MarketingPunchAdmin.Web\app\shared\api.service.js
D:\Craig Cooke\Development-2\Control Centre\MarketingPunchAdmin.Web\app\shared\api.service.js.map
D:\Craig Cooke\Development-2\Control Centre\MarketingPunchAdmin.Web\app\components\affiliate\reports\stores\reportstore.service.js
D:\Craig Cooke\Development-2\Control Centre\MarketingPunchAdmin.Web\app\components\affiliate\reports\stores\reportstore.service.js.map
D:\Craig Cooke\Development-2\Control Centre\MarketingPunchAdmin.Web\app\components\leadgeneration\exittraffic\stores\campaign.service.js
D:\Craig Cooke\Development-2\Control Centre\MarketingPunchAdmin.Web\app\components\leadgeneration\exittraffic\stores\campaign.service.js.map
D:\Craig Cooke\Development-2\Control Centre\MarketingPunchAdmin.Web\app\components\leadgeneration\exittraffic\stores\importoffer.service.js
D:\Craig Cooke\Development-2\Control Centre\MarketingPunchAdmin.Web\app\components\leadgeneration\exittraffic\stores\importoffer.service.js.map
D:\Craig Cooke\Development-2\Control Centre\MarketingPunchAdmin.Web\app\components\users\stores\users.service.js
D:\Craig Cooke\Development-2\Control Centre\MarketingPunchAdmin.Web\app\components\users\stores\users.service.js.map
D:\Craig Cooke\Development-2\Control Centre\MarketingPunchAdmin.Web\app\components\leadgeneration\exittraffic\stores\campaign.categories.service.js
D:\Craig Cooke\Development-2\Control Centre\MarketingPunchAdmin.Web\app\components\leadgeneration\exittraffic\stores\campaign.categories.service.js.map
D:\Craig Cooke\Development-2\Control Centre\MarketingPunchAdmin.Web\app\main.js
D:\Craig Cooke\Development-2\Control Centre\MarketingPunchAdmin.Web\app\main.js.map
